<?xml version="1.0" encoding="UTF-8"?>
<testng-results skipped="0" failed="0" ignored="0" total="1" passed="1">
  <reporter-output>
  </reporter-output>
  <suite name="Default suite" duration-ms="21998" started-at="2018-12-19T14:30:59Z" finished-at="2018-12-19T14:31:21Z">
    <groups>
    </groups>
    <test name="Default test" duration-ms="21998" started-at="2018-12-19T14:30:59Z" finished-at="2018-12-19T14:31:21Z">
      <class name="Encapsulation.POMTestScript">
        <test-method status="PASS" signature="loginpage()[pri:0, instance:Encapsulation.POMTestScript@4e7dc304]" name="loginpage" duration-ms="21965" started-at="2018-12-19T14:30:59Z" finished-at="2018-12-19T14:31:21Z">
          <reporter-output>
          </reporter-output>
        </test-method> <!-- loginpage -->
      </class> <!-- Encapsulation.POMTestScript -->
    </test> <!-- Default test -->
  </suite> <!-- Default suite -->
</testng-results>
